<?xml version="1.0" encoding="UTF-8"?>
<!-- Generated by org.testng.reporters.JUnitReportReporter -->
<testsuite hostname="LAPTOP-N72K9CMM" failures="0" tests="1" name="module5.GithubLogin" time="4.837" errors="0" timestamp="2021-08-20T17:39:06 AEST" skipped="0">
  <testcase classname="module5.GithubLogin" name="logIn" time="4.837"/>
  <system-out/>
</testsuite> <!-- module5.GithubLogin -->
