<?xml version="1.0" encoding="UTF-8"?>
<!-- Generated by org.testng.reporters.JUnitReportReporter -->
<testsuite hostname="LAPTOP-N72K9CMM" failures="0" tests="2" name="certificationProject.testCases.HybridFramework" time="5.106" errors="0" timestamp="2021-08-24T11:29:37 AEST" skipped="1">
  <testcase classname="certificationProject.testCases.HybridFramework" name="setup" time="5.106"/>
  <system-out/>
  <testcase classname="certificationProject.testCases.HybridFramework" name="formFill" time="0.000">
    <skipped/>
  </testcase> <!-- formFill -->
  <system-out/>
</testsuite> <!-- certificationProject.testCases.HybridFramework -->
