<?xml version="1.0" encoding="UTF-8"?>
<!-- Generated by org.testng.reporters.JUnitReportReporter -->
<testsuite hostname="LAPTOP-N72K9CMM" failures="0" tests="3" name="caseStudy.caseStudy2" time="13.101" errors="0" timestamp="2021-08-22T10:53:54 AEST" skipped="0">
  <testcase classname="caseStudy.caseStudy2" name="browserSetup" time="1.544"/>
  <system-out/>
  <testcase classname="caseStudy.caseStudy2" name="URL" time="4.684"/>
  <system-out/>
  <testcase classname="caseStudy.caseStudy2" name="action" time="6.873"/>
  <system-out/>
</testsuite> <!-- caseStudy.caseStudy2 -->
