<?xml version="1.0" encoding="UTF-8"?>
<!-- Generated by org.testng.reporters.JUnitReportReporter -->
<testsuite hostname="LAPTOP-N72K9CMM" failures="0" tests="1" name="module5.DemoTestCase" time="0.003" errors="0" timestamp="2021-08-20T05:06:03 AEST" skipped="0">
  <testcase classname="module5.DemoTestCase" name="Test1" time="0.003"/>
  <system-out/>
</testsuite> <!-- module5.DemoTestCase -->
