<?xml version="1.0" encoding="UTF-8"?>
<!-- Generated by org.testng.reporters.JUnitReportReporter -->
<testsuite hostname="LAPTOP-N72K9CMM" failures="0" tests="11" name="module10.testCases.TC5" time="9.418" errors="0" timestamp="2021-08-24T11:07:26 AEST" skipped="0">
  <testcase classname="module10.testCases.TC5" name="setup" time="4.807"/>
  <system-out/>
  <testcase classname="module10.testCases.TC5" name="formFill" time="0.038"/>
  <system-out/>
  <testcase classname="module10.testCases.TC5" name="formFill" time="0.060"/>
  <system-out/>
  <testcase classname="module10.testCases.TC5" name="formFill" time="0.496"/>
  <system-out/>
  <testcase classname="module10.testCases.TC5" name="formFill" time="0.056"/>
  <system-out/>
  <testcase classname="module10.testCases.TC5" name="formFill" time="0.044"/>
  <system-out/>
  <testcase classname="module10.testCases.TC5" name="formFill" time="0.052"/>
  <system-out/>
  <testcase classname="module10.testCases.TC5" name="formFill" time="0.052"/>
  <system-out/>
  <testcase classname="module10.testCases.TC5" name="formFill" time="1.982"/>
  <system-out/>
  <testcase classname="module10.testCases.TC5" name="formFill" time="0.055"/>
  <system-out/>
  <testcase classname="module10.testCases.TC5" name="formFill" time="1.776"/>
  <system-out/>
</testsuite> <!-- module10.testCases.TC5 -->
