<?xml version="1.0" encoding="UTF-8"?>
<!-- Generated by org.testng.reporters.JUnitReportReporter -->
<testsuite hostname="LAPTOP-N72K9CMM" failures="0" tests="6" name="module5.parameterization" time="16.194" errors="0" timestamp="2021-08-20T21:29:16 AEST" skipped="0">
  <testcase classname="module5.parameterization" name="browser" time="1.653"/>
  <system-out/>
  <testcase classname="module5.parameterization" name="URL" time="2.321"/>
  <system-out/>
  <testcase classname="module5.parameterization" name="clickSignInPage" time="3.703"/>
  <system-out/>
  <testcase classname="module5.parameterization" name="logIn" time="5.121"/>
  <system-out/>
  <testcase classname="module5.parameterization" name="logOut" time="3.205"/>
  <system-out/>
  <testcase classname="module5.parameterization" name="shuttingDown" time="0.191"/>
  <system-out/>
</testsuite> <!-- module5.parameterization -->
