<?xml version="1.0" encoding="UTF-8"?>
<!-- Generated by org.testng.reporters.JUnitReportReporter -->
<testsuite hostname="LAPTOP-N72K9CMM" failures="0" tests="2" name="practice1.testCase.TC5" time="4.846" errors="0" timestamp="2021-08-24T11:01:47 AEST" skipped="1">
  <testcase classname="practice1.testCase.TC5" name="setup" time="4.846"/>
  <system-out/>
  <testcase classname="practice1.testCase.TC5" name="formFill" time="0.000">
    <skipped/>
  </testcase> <!-- formFill -->
  <system-out/>
</testsuite> <!-- practice1.testCase.TC5 -->
